<?xml version="1.0" encoding="utf-8"?><testsuite errors="0" failures="0" name="pytest" skipped="24" tests="65" time="0.195"><testcase classname="setup" file="setup.py" line="-1" name="ISORT" time="0.001"><skipped message="file(s) previously passed isort checks" type="pytest.skip">/home/lionel/Projects/toy_robot_challenge/.tox/py38/lib/python3.8/site-packages/pytest_isort.py:152: file(s) previously passed isort checks</skipped></testcase><testcase classname="setup" file="setup.py" line="-1" name="FLAKE8" time="0.000"><skipped message="file(s) previously passed FLAKE8 checks" type="pytest.skip">/home/lionel/Projects/toy_robot_challenge/.tox/py38/lib/python3.8/site-packages/pytest_flake8.py:106: file(s) previously passed FLAKE8 checks</skipped></testcase><testcase classname="tests.__init__" file="tests/__init__.py" line="-1" name="ISORT" time="0.000"><skipped message="file(s) previously passed isort checks" type="pytest.skip">/home/lionel/Projects/toy_robot_challenge/.tox/py38/lib/python3.8/site-packages/pytest_isort.py:152: file(s) previously passed isort checks</skipped></testcase><testcase classname="tests.__init__" file="tests/__init__.py" line="-1" name="FLAKE8" time="0.000"><skipped message="file(s) previously passed FLAKE8 checks" type="pytest.skip">/home/lionel/Projects/toy_robot_challenge/.tox/py38/lib/python3.8/site-packages/pytest_flake8.py:106: file(s) previously passed FLAKE8 checks</skipped></testcase><testcase classname="tests.test_command_processor" file="tests/test_command_processor.py" line="-1" name="ISORT" time="0.000"><skipped message="file(s) previously passed isort checks" type="pytest.skip">/home/lionel/Projects/toy_robot_challenge/.tox/py38/lib/python3.8/site-packages/pytest_isort.py:152: file(s) previously passed isort checks</skipped></testcase><testcase classname="tests.test_command_processor" file="tests/test_command_processor.py" line="-1" name="FLAKE8" time="0.000"><skipped message="file(s) previously passed FLAKE8 checks" type="pytest.skip">/home/lionel/Projects/toy_robot_challenge/.tox/py38/lib/python3.8/site-packages/pytest_flake8.py:106: file(s) previously passed FLAKE8 checks</skipped></testcase><testcase classname="tests.test_command_processor" file="tests/test_command_processor.py" line="13" name="test_create_command_processor" time="0.001"></testcase><testcase classname="tests.test_command_processor" file="tests/test_command_processor.py" line="19" name="test_process_ignores_invalid_command" time="0.002"></testcase><testcase classname="tests.test_command_processor" file="tests/test_command_processor.py" line="34" name="test_process_does_not_place_robot_for_place_command_with_missing_place_arguments[PLACE]" time="0.002"></testcase><testcase classname="tests.test_command_processor" file="tests/test_command_processor.py" line="34" name="test_process_does_not_place_robot_for_place_command_with_missing_place_arguments[PLACE 1,2]" time="0.002"></testcase><testcase classname="tests.test_command_processor" file="tests/test_command_processor.py" line="34" name="test_process_does_not_place_robot_for_place_command_with_missing_place_arguments[PLACE 1,NORTH,1]" time="0.002"></testcase><testcase classname="tests.test_command_processor" file="tests/test_command_processor.py" line="34" name="test_process_does_not_place_robot_for_place_command_with_missing_place_arguments[PLACE 1,2,3]" time="0.002"></testcase><testcase classname="tests.test_command_processor" file="tests/test_command_processor.py" line="34" name="test_process_does_not_place_robot_for_place_command_with_missing_place_arguments[PLACE NORTH]" time="0.003"></testcase><testcase classname="tests.test_command_processor" file="tests/test_command_processor.py" line="55" name="test_process_does_not_place_robot_for_place_command_with_invalid_direction" time="0.003"></testcase><testcase classname="tests.test_command_processor" file="tests/test_command_processor.py" line="70" name="test_process_places_robot_for_valid_place_command" time="0.002"></testcase><testcase classname="tests.test_command_processor" file="tests/test_command_processor.py" line="81" name="test_process_tells_robot_to_report_for_report_command" time="0.002"></testcase><testcase classname="tests.test_command_processor" file="tests/test_command_processor.py" line="92" name="test_process_tells_robot_to_rotate_for_left_or_right_command[LEFT-Turn.LEFT]" time="0.002"></testcase><testcase classname="tests.test_command_processor" file="tests/test_command_processor.py" line="92" name="test_process_tells_robot_to_rotate_for_left_or_right_command[RIGHT-Turn.RIGHT]" time="0.002"></testcase><testcase classname="tests.test_command_processor" file="tests/test_command_processor.py" line="106" name="test_process_tells_robot_to_move_for_move_command" time="0.002"></testcase><testcase classname="tests.test_positioning" file="tests/test_positioning.py" line="-1" name="ISORT" time="0.000"><skipped message="file(s) previously passed isort checks" type="pytest.skip">/home/lionel/Projects/toy_robot_challenge/.tox/py38/lib/python3.8/site-packages/pytest_isort.py:152: file(s) previously passed isort checks</skipped></testcase><testcase classname="tests.test_positioning" file="tests/test_positioning.py" line="-1" name="FLAKE8" time="0.000"><skipped message="file(s) previously passed FLAKE8 checks" type="pytest.skip">/home/lionel/Projects/toy_robot_challenge/.tox/py38/lib/python3.8/site-packages/pytest_flake8.py:106: file(s) previously passed FLAKE8 checks</skipped></testcase><testcase classname="tests.test_positioning" file="tests/test_positioning.py" line="3" name="test_create_position" time="0.001"></testcase><testcase classname="tests.test_positioning" file="tests/test_positioning.py" line="12" name="test_position_string_representation_is_accurate" time="0.001"></testcase><testcase classname="tests.test_positioning" file="tests/test_positioning.py" line="20" name="test_create_orientation" time="0.000"></testcase><testcase classname="tests.test_positioning" file="tests/test_positioning.py" line="28" name="test_get_direction_returns_correct_direction_for_turn" time="0.000"></testcase><testcase classname="tests.test_robot" file="tests/test_robot.py" line="-1" name="ISORT" time="0.000"><skipped message="file(s) previously passed isort checks" type="pytest.skip">/home/lionel/Projects/toy_robot_challenge/.tox/py38/lib/python3.8/site-packages/pytest_isort.py:152: file(s) previously passed isort checks</skipped></testcase><testcase classname="tests.test_robot" file="tests/test_robot.py" line="-1" name="FLAKE8" time="0.000"><skipped message="file(s) previously passed FLAKE8 checks" type="pytest.skip">/home/lionel/Projects/toy_robot_challenge/.tox/py38/lib/python3.8/site-packages/pytest_flake8.py:106: file(s) previously passed FLAKE8 checks</skipped></testcase><testcase classname="tests.test_robot" file="tests/test_robot.py" line="6" name="test_create_robot" time="0.001"></testcase><testcase classname="tests.test_robot" file="tests/test_robot.py" line="15" name="test_place_sets_position_for_valid_position_on_table" time="0.006"></testcase><testcase classname="tests.test_robot" file="tests/test_robot.py" line="32" name="test_place_does_not_set_position_for_invalid_position_on_table" time="0.003"></testcase><testcase classname="tests.test_robot" file="tests/test_robot.py" line="49" name="test_is_placed_returns_true_when_robot_has_valid_position" time="0.001"></testcase><testcase classname="tests.test_robot" file="tests/test_robot.py" line="57" name="test_is_placed_returns_false_when_robot_has_None_position" time="0.001"></testcase><testcase classname="tests.test_robot" file="tests/test_robot.py" line="64" name="test_report_does_not_report_position_if_robot_is_not_placed" time="0.004"></testcase><testcase classname="tests.test_robot" file="tests/test_robot.py" line="77" name="test_report_calls_logger_with_position_if_robot_is_placed" time="0.004"></testcase><testcase classname="tests.test_robot" file="tests/test_robot.py" line="90" name="test_rotate_does_not_change_orientation_of_robot_if_not_placed" time="0.002"></testcase><testcase classname="tests.test_robot" file="tests/test_robot.py" line="100" name="test_rotate_changes_orientation_of_robot" time="0.001"></testcase><testcase classname="tests.test_robot" file="tests/test_robot.py" line="111" name="test_move_changes_position_of_robot_to_correct_location_for_valid_new_position[initial_position0-Direction.NORTH-expected_position0-Direction.NORTH]" time="0.001"></testcase><testcase classname="tests.test_robot" file="tests/test_robot.py" line="111" name="test_move_changes_position_of_robot_to_correct_location_for_valid_new_position[initial_position1-Direction.SOUTH-expected_position1-Direction.SOUTH]" time="0.002"></testcase><testcase classname="tests.test_robot" file="tests/test_robot.py" line="111" name="test_move_changes_position_of_robot_to_correct_location_for_valid_new_position[initial_position2-Direction.EAST-expected_position2-Direction.EAST]" time="0.001"></testcase><testcase classname="tests.test_robot" file="tests/test_robot.py" line="111" name="test_move_changes_position_of_robot_to_correct_location_for_valid_new_position[initial_position3-Direction.WEST-expected_position3-Direction.WEST]" time="0.001"></testcase><testcase classname="tests.test_robot" file="tests/test_robot.py" line="139" name="test_move_does_not_move_robot_robot_for_invalid_new_position" time="0.001"></testcase><testcase classname="tests.test_robot" file="tests/test_robot.py" line="157" name="test_move_does_not_change_position_of_robot_if_robot_is_not_placed" time="0.003"></testcase><testcase classname="tests.test_table" file="tests/test_table.py" line="-1" name="ISORT" time="0.000"><skipped message="file(s) previously passed isort checks" type="pytest.skip">/home/lionel/Projects/toy_robot_challenge/.tox/py38/lib/python3.8/site-packages/pytest_isort.py:152: file(s) previously passed isort checks</skipped></testcase><testcase classname="tests.test_table" file="tests/test_table.py" line="-1" name="FLAKE8" time="0.000"><skipped message="file(s) previously passed FLAKE8 checks" type="pytest.skip">/home/lionel/Projects/toy_robot_challenge/.tox/py38/lib/python3.8/site-packages/pytest_flake8.py:106: file(s) previously passed FLAKE8 checks</skipped></testcase><testcase classname="tests.test_table" file="tests/test_table.py" line="6" name="test_create_table" time="0.000"></testcase><testcase classname="tests.test_table" file="tests/test_table.py" line="15" name="test_valid_position_returns_false_for_invalid_position[-1-0]" time="0.001"></testcase><testcase classname="tests.test_table" file="tests/test_table.py" line="15" name="test_valid_position_returns_false_for_invalid_position[0--1]" time="0.001"></testcase><testcase classname="tests.test_table" file="tests/test_table.py" line="15" name="test_valid_position_returns_false_for_invalid_position[-1--1]" time="0.001"></testcase><testcase classname="tests.test_table" file="tests/test_table.py" line="15" name="test_valid_position_returns_false_for_invalid_position[6-5]" time="0.001"></testcase><testcase classname="tests.test_table" file="tests/test_table.py" line="15" name="test_valid_position_returns_false_for_invalid_position[5-6]" time="0.001"></testcase><testcase classname="tests.test_table" file="tests/test_table.py" line="23" name="test_valid_position_returns_true_for_valid_position[0-0]" time="0.001"></testcase><testcase classname="tests.test_table" file="tests/test_table.py" line="23" name="test_valid_position_returns_true_for_valid_position[5-5]" time="0.001"></testcase><testcase classname="tests.test_table" file="tests/test_table.py" line="23" name="test_valid_position_returns_true_for_valid_position[3-3]" time="0.001"></testcase><testcase classname="toy_robot_challenge.__init__" file="toy_robot_challenge/__init__.py" line="-1" name="ISORT" time="0.000"><skipped message="file(s) previously passed isort checks" type="pytest.skip">/home/lionel/Projects/toy_robot_challenge/.tox/py38/lib/python3.8/site-packages/pytest_isort.py:152: file(s) previously passed isort checks</skipped></testcase><testcase classname="toy_robot_challenge.__init__" file="toy_robot_challenge/__init__.py" line="-1" name="FLAKE8" time="0.000"><skipped message="file(s) previously passed FLAKE8 checks" type="pytest.skip">/home/lionel/Projects/toy_robot_challenge/.tox/py38/lib/python3.8/site-packages/pytest_flake8.py:106: file(s) previously passed FLAKE8 checks</skipped></testcase><testcase classname="toy_robot_challenge.cli" file="toy_robot_challenge/cli.py" line="-1" name="ISORT" time="0.000"><skipped message="file(s) previously passed isort checks" type="pytest.skip">/home/lionel/Projects/toy_robot_challenge/.tox/py38/lib/python3.8/site-packages/pytest_isort.py:152: file(s) previously passed isort checks</skipped></testcase><testcase classname="toy_robot_challenge.cli" file="toy_robot_challenge/cli.py" line="-1" name="FLAKE8" time="0.000"><skipped message="file(s) previously passed FLAKE8 checks" type="pytest.skip">/home/lionel/Projects/toy_robot_challenge/.tox/py38/lib/python3.8/site-packages/pytest_flake8.py:106: file(s) previously passed FLAKE8 checks</skipped></testcase><testcase classname="toy_robot_challenge.command_processor" file="toy_robot_challenge/command_processor.py" line="-1" name="ISORT" time="0.000"><skipped message="file(s) previously passed isort checks" type="pytest.skip">/home/lionel/Projects/toy_robot_challenge/.tox/py38/lib/python3.8/site-packages/pytest_isort.py:152: file(s) previously passed isort checks</skipped></testcase><testcase classname="toy_robot_challenge.command_processor" file="toy_robot_challenge/command_processor.py" line="-1" name="FLAKE8" time="0.000"><skipped message="file(s) previously passed FLAKE8 checks" type="pytest.skip">/home/lionel/Projects/toy_robot_challenge/.tox/py38/lib/python3.8/site-packages/pytest_flake8.py:106: file(s) previously passed FLAKE8 checks</skipped></testcase><testcase classname="toy_robot_challenge.positioning" file="toy_robot_challenge/positioning.py" line="-1" name="ISORT" time="0.000"><skipped message="file(s) previously passed isort checks" type="pytest.skip">/home/lionel/Projects/toy_robot_challenge/.tox/py38/lib/python3.8/site-packages/pytest_isort.py:152: file(s) previously passed isort checks</skipped></testcase><testcase classname="toy_robot_challenge.positioning" file="toy_robot_challenge/positioning.py" line="-1" name="FLAKE8" time="0.000"><skipped message="file(s) previously passed FLAKE8 checks" type="pytest.skip">/home/lionel/Projects/toy_robot_challenge/.tox/py38/lib/python3.8/site-packages/pytest_flake8.py:106: file(s) previously passed FLAKE8 checks</skipped></testcase><testcase classname="toy_robot_challenge.robot" file="toy_robot_challenge/robot.py" line="-1" name="ISORT" time="0.000"><skipped message="file(s) previously passed isort checks" type="pytest.skip">/home/lionel/Projects/toy_robot_challenge/.tox/py38/lib/python3.8/site-packages/pytest_isort.py:152: file(s) previously passed isort checks</skipped></testcase><testcase classname="toy_robot_challenge.robot" file="toy_robot_challenge/robot.py" line="-1" name="FLAKE8" time="0.000"><skipped message="file(s) previously passed FLAKE8 checks" type="pytest.skip">/home/lionel/Projects/toy_robot_challenge/.tox/py38/lib/python3.8/site-packages/pytest_flake8.py:106: file(s) previously passed FLAKE8 checks</skipped></testcase><testcase classname="toy_robot_challenge.table" file="toy_robot_challenge/table.py" line="-1" name="ISORT" time="0.000"><skipped message="file(s) previously passed isort checks" type="pytest.skip">/home/lionel/Projects/toy_robot_challenge/.tox/py38/lib/python3.8/site-packages/pytest_isort.py:152: file(s) previously passed isort checks</skipped></testcase><testcase classname="toy_robot_challenge.table" file="toy_robot_challenge/table.py" line="-1" name="FLAKE8" time="0.001"><skipped message="file(s) previously passed FLAKE8 checks" type="pytest.skip">/home/lionel/Projects/toy_robot_challenge/.tox/py38/lib/python3.8/site-packages/pytest_flake8.py:106: file(s) previously passed FLAKE8 checks</skipped></testcase></testsuite>